ID: WES0003
Confidence: 0.7107155919075012

ID: WES0006
Confidence: 0.7290568649768829

ID: WES0007
Confidence: 0.7969087660312653

ID: WES0006
Confidence: 0.7333091199398041

ID: WES0006
Confidence: 0.779529020190239

ID: WES0007
Confidence: 0.7871172726154327

ID: 777999
Confidence: 0.8364412188529968

ID: UNKNOWN
Confidence: 0.0

ID: 9876543
Confidence: 0.6829803586006165

ID: 9876543
Confidence: 0.7034344673156738

ID: WES0001
Confidence: 0.7042140960693359

ID: WES0002
Confidence: 0.7129764556884766

ID: WES0001
Confidence: 0.7153271734714508

ID: WES0007
Confidence: 0.7107978761196136

ID: 9876543
Confidence: 0.6928354799747467

ID: 9876543
Confidence: 0.6958702802658081

ID: 9876543
Confidence: 0.7868308275938034

ID: 777999
Confidence: 0.7464298903942108

ID: WES0001
Confidence: 0.7524726688861847

ID: WES0002
Confidence: 0.6804514229297638

ID: WES0006
Confidence: 0.7191909551620483

ID: WES0006
Confidence: 0.7240523099899292

ID: WES0006
Confidence: 0.7107105851173401

ID: WES0006
Confidence: 0.7280203700065613

ID: 777999
Confidence: 0.7244658172130585

ID: 777999
Confidence: 0.7501245886087418

ID: 777999
Confidence: 0.7566763162612915

ID: 777999
Confidence: 0.7572808712720871

ID: 9876543
Confidence: 0.6532036066055298

ID: 777999
Confidence: 0.7471138834953308

ID: WES0004
Confidence: 0.6871147155761719

ID: WES0003
Confidence: 0.6325530111789703

ID: WES0006
Confidence: 0.6947329342365265

ID: 777999
Confidence: 0.7419500350952148

ID: UNKNOWN
Confidence: 0.0

ID: WES0002
Confidence: 0.6903437674045563

ID: 9876543
Confidence: 0.7228408455848694

ID: 777999
Confidence: 0.6871883571147919

ID: WES0001
Confidence: 0.6881873905658722

ID: WES0004
Confidence: 0.6794969141483307

ID: WES0001
Confidence: 0.6899493336677551

ID: WES0007
Confidence: 0.6613576710224152

ID: WES0003
Confidence: 0.6941937208175659

ID: WES0003
Confidence: 0.6821208298206329

ID: WES0006
Confidence: 0.7422486841678619

ID: WES0006
Confidence: 0.7365494668483734

ID: 777999
Confidence: 0.6331729292869568

ID: WES0005
Confidence: 0.7211413681507111

ID: WES0005
Confidence: 0.6035112738609314

ID: WES0004
Confidence: 0.5948550999164581

ID: WES0001
Confidence: 0.7236567437648773

ID: WES0001
Confidence: 0.7061100006103516

ID: WES0002
Confidence: 0.7172954082489014

ID: WES0004
Confidence: 0.6125115752220154

ID: WES0005
Confidence: 0.7034671306610107

ID: WES0005
Confidence: 0.7268242835998535

ID: WES0003
Confidence: 0.6897230446338654

ID: WES0006
Confidence: 0.6936744451522827

ID: WES0007
Confidence: 0.7862953543663025

ID: WES0002
Confidence: 0.6980958580970764

ID: WES0004
Confidence: 0.5784375071525574

ID: WES0003
Confidence: 0.6703758239746094

ID: WES0006
Confidence: 0.715328723192215

ID: WES0003
Confidence: 0.6804761290550232

ID: WES0003
Confidence: 0.6788128912448883

ID: WES0006
Confidence: 0.6810307502746582

ID: WES0007
Confidence: 0.7465932667255402

ID: WES0006
Confidence: 0.6508527994155884

ID: WES0002
Confidence: 0.6805660724639893

ID: WES0004
Confidence: 0.596519261598587

ID: 777999
Confidence: 0.7084764242172241

ID: 777999
Confidence: 0.7839005589485168

ID: WES0005
Confidence: 0.6832844913005829

ID: WES0004
Confidence: 0.6390897631645203

ID: WES0002
Confidence: 0.6863602101802826

ID: WES0002
Confidence: 0.6566835045814514

ID: WES0005
Confidence: 0.6201044619083405

ID: UNKNOWN
Confidence: 0.0

ID: WES0002
Confidence: 0.7050179541110992

ID: WES0002
Confidence: 0.6587298512458801

ID: WES0004
Confidence: 0.6499704718589783

ID: WES0003
Confidence: 0.6579895913600922

ID: WES0007
Confidence: 0.7197733819484711

ID: WES0001
Confidence: 0.7334786653518677

ID: WES0006
Confidence: 0.6561216115951538

ID: WES0003
Confidence: 0.6841086745262146

ID: WES0007
Confidence: 0.7427457869052887

ID: WES0006
Confidence: 0.5954426229000092

ID: WES0001
Confidence: 0.7627386897802353

ID: WES0003
Confidence: 0.7166315019130707

ID: WES0007
Confidence: 0.78261798620224

ID: WES0005
Confidence: 0.6606805622577667

ID: WES0006
Confidence: 0.6494071781635284

ID: WES0007
Confidence: 0.705408126115799

ID: WES0002
Confidence: 0.6916090250015259

ID: WES0007
Confidence: 0.7391857504844666

ID: WES0007
Confidence: 0.7164520919322968

ID: WES0001
Confidence: 0.7231481373310089

ID: WES0004
Confidence: 0.6591214537620544

ID: WES0003
Confidence: 0.6512428522109985

ID: WES0006
Confidence: 0.7378465831279755

ID: WES0007
Confidence: 0.7244639098644257

ID: WES0001
Confidence: 0.7285567224025726

ID: WES0002
Confidence: 0.6890383660793304

ID: WES0004
Confidence: 0.5840716063976288

ID: WES0005
Confidence: 0.66274294257164

ID: WES0005
Confidence: 0.7151137590408325

ID: WES0003
Confidence: 0.7561103850603104

ID: WES0006
Confidence: 0.6834689974784851

ID: WES0002
Confidence: 0.7154253423213959

ID: WES0007
Confidence: 0.7489345669746399

ID: WES0004
Confidence: 0.633677214384079

ID: WES0005
Confidence: 0.6547905206680298

ID: WES0005
Confidence: 0.660138875246048

ID: WES0003
Confidence: 0.6454327702522278

ID: WES0007
Confidence: 0.7318081259727478

ID: WES0006
Confidence: 0.7384819388389587

ID: WES0002
Confidence: 0.7011480927467346

ID: WES0004
Confidence: 0.5645627081394196

ID: WES0005
Confidence: 0.6864231824874878

ID: WES0003
Confidence: 0.6463899314403534

ID: WES0006
Confidence: 0.7239727079868317

ID: WES0006
Confidence: 0.7267047762870789

ID: WES0007
Confidence: 0.6872414350509644

ID: WES0002
Confidence: 0.6723769307136536

ID: WES0005
Confidence: 0.6597663462162018

ID: WES0004
Confidence: 0.6213842630386353

ID: WES0003
Confidence: 0.6800983846187592

ID: WES0006
Confidence: 0.6652135252952576

ID: WES0006
Confidence: 0.7457519769668579

ID: WES0007
Confidence: 0.7308035790920258

ID: WES0004
Confidence: 0.6037792563438416

ID: WES0002
Confidence: 0.6248174011707306

ID: WES0002
Confidence: 0.5640991032123566

ID: WES0004
Confidence: 0.6019767224788666

ID: WES0003
Confidence: 0.686225950717926

ID: WES0005
Confidence: 0.6790027320384979

ID: WES0006
Confidence: 0.6537768840789795

ID: WES0007
Confidence: 0.753426268696785

ID: WES0002
Confidence: 0.7235248684883118

ID: WES0004
Confidence: 0.6963415741920471

ID: WES0001
Confidence: 0.7290865480899811

ID: WES0004
Confidence: 0.6695610582828522

ID: WES0003
Confidence: 0.6200796961784363

ID: WES0007
Confidence: 0.6239714920520782

ID: WES0006
Confidence: 0.6985500156879425

ID: WES0002
Confidence: 0.7335433065891266

ID: WES0001
Confidence: 0.7418729364871979

ID: WES0004
Confidence: 0.5953913331031799

ID: WES0005
Confidence: 0.6447897255420685

ID: WES0005
Confidence: 0.6342175006866455

ID: WES0005
Confidence: 0.6429840624332428

ID: WES0003
Confidence: 0.6870695948600769

ID: WES0006
Confidence: 0.6936018168926239

ID: WES0002
Confidence: 0.6949389576911926

ID: UNKNOWN
Confidence: 0.0

ID: WES0001
Confidence: 0.7012611031532288

ID: WES0004
Confidence: 0.639324426651001

ID: UNKNOWN
Confidence: 0.0

ID: WES0003
Confidence: 0.744480162858963

ID: WES0006
Confidence: 0.6816556751728058

ID: WES0006
Confidence: 0.7535783499479294

ID: WES0002
Confidence: 0.7092565298080444

ID: WES0001
Confidence: 0.658197432756424

ID: WES0001
Confidence: 0.6228444576263428

ID: WES0004
Confidence: 0.5887628197669983

ID: WES0007
Confidence: 0.7267647981643677

ID: WES0001
Confidence: 0.7053399682044983

ID: WES0004
Confidence: 0.6340537369251251

ID: WES0007
Confidence: 0.7150247693061829

ID: WES0007
Confidence: 0.6154956817626953

ID: WES0001
Confidence: 0.6635556817054749

ID: WES0004
Confidence: 0.5363865494728088

ID: WES0005
Confidence: 0.6792777478694916

ID: WES0005
Confidence: 0.7294778525829315

ID: WES0003
Confidence: 0.7242444753646851

ID: WES0007
Confidence: 0.6932963132858276

ID: WES0002
Confidence: 0.7175330817699432

ID: WES0005
Confidence: 0.6728977859020233

ID: WES0003
Confidence: 0.6457582712173462

ID: WES0007
Confidence: 0.7659314274787903

ID: WES0002
Confidence: 0.710735946893692

ID: WES0005
Confidence: 0.6999595463275909

ID: WES0003
Confidence: 0.8048024922609329

ID: WES0007
Confidence: 0.7342901825904846

ID: WES0006
Confidence: 0.6766113936901093

ID: WES0006
Confidence: 0.6875000894069672

ID: WES0001
Confidence: 0.6600557565689087

ID: WES0006
Confidence: 0.7368308305740356
ID: WES0002
Confidence: 0.6314317882061005

ID: WES0008
Confidence: 0.7963833957910538

ID: WES0005
Confidence: 0.6913103759288788

ID: WES0007
Confidence: 0.7582922279834747

ID: WES0003
Confidence: 0.6732881665229797

ID: WES0009
Confidence: 0.7474629878997803

ID: WES0006
Confidence: 0.7456518411636353

ID: WES0006
Confidence: 0.7122077643871307

ID: WES0002
Confidence: 0.7099981606006622

ID: WES0002
Confidence: 0.6998815536499023

ID: WES0001
Confidence: 0.7989463657140732

ID: WES0004
Confidence: 0.5933068096637726

ID: WES0006
Confidence: 0.7053109407424927

ID: WES0001
Confidence: 0.7981341928243637

ID: WES0001
Confidence: 0.742067962884903

ID: WES0006
Confidence: 0.732782632112503

ID: WES0008
Confidence: 0.7461863458156586

ID: WES0007
Confidence: 0.6457673609256744

ID: WES0005
Confidence: 0.6826576292514801

ID: WES0007
Confidence: 0.7333755791187286

ID: WES0003
Confidence: 0.6217494606971741

ID: WES0006
Confidence: 0.7276056706905365

ID: WES0009
Confidence: 0.6935086846351624

ID: WES0006
Confidence: 0.7421774566173553

ID: WES0001
Confidence: 0.756477415561676

ID: WES0002
Confidence: 0.7314628660678864

ID: WES0004
Confidence: 0.6085146367549896

ID: WES0008
Confidence: 0.7995534390211105

ID: WES0007
Confidence: 0.77823905646801

ID: WES0005
Confidence: 0.6824223101139069

ID: WES0003
Confidence: 0.7583634704351425

ID: WES0006
Confidence: 0.7519128322601318

ID: WES0009
Confidence: 0.7446875274181366

ID: WES0002
Confidence: 0.6643594205379486

ID: WES0004
Confidence: 0.6364839673042297

ID: WES0004
Confidence: 0.6286032795906067

ID: WES0008
Confidence: 0.6773974299430847

ID: WES0003
Confidence: 0.5794461667537689

ID: WES0005
Confidence: 0.7118371427059174

ID: WES0007
Confidence: 0.6393109261989594

ID: WES0007
Confidence: 0.6144678890705109

ID: WES0007
Confidence: 0.7152248919010162

ID: WES0001
Confidence: 0.6930764615535736

ID: WES0006
Confidence: 0.718704491853714

ID: WES0009
Confidence: 0.7486413717269897

ID: WES0002
Confidence: 0.6588793098926544

ID: WES0001
Confidence: 0.7803070992231369

ID: WES0001
Confidence: 0.782850056886673

ID: WES0004
Confidence: 0.6556478142738342

ID: WES0008
Confidence: 0.7645265907049179

ID: WES0005
Confidence: 0.6853621602058411

ID: WES0003
Confidence: 0.7581414133310318

ID: WES0009
Confidence: 0.744608461856842

ID: WES0007
Confidence: 0.7291883528232574

ID: WES0002
Confidence: 0.7549438178539276

ID: WES0006
Confidence: 0.7955831289291382

ID: WES0001
Confidence: 0.6477088630199432

ID: WES0004
Confidence: 0.5995312333106995

ID: WES0004
Confidence: 0.612310528755188

ID: UNKNOWN
Confidence: 0.0

ID: UNKNOWN
Confidence: 0.0

ID: WES0006
Confidence: 0.7521844357252121

ID: WES0007
Confidence: 0.7865662723779678

ID: WES0006
Confidence: 0.7669697105884552

ID: WES0007
Confidence: 0.6367189884185791

ID: WES0008
Confidence: 0.6552173495292664

ID: WES0003
Confidence: 0.6867100894451141

ID: WES0005
Confidence: 0.6270468533039093

ID: WES0009
Confidence: 0.7493002116680145

ID: WES0007
Confidence: 0.7299678027629852

ID: WES0006
Confidence: 0.7459627091884613

ID: WES0006
Confidence: 0.7188696265220642

ID: WES0002
Confidence: 0.7276082932949066

ID: WES0001
Confidence: 0.758706584572792

ID: WES0004
Confidence: 0.6091718375682831

ID: WES0005
Confidence: 0.671960324048996

ID: WES0008
Confidence: 0.7201968431472778

ID: WES0007
Confidence: 0.740409255027771

ID: WES0003
Confidence: 0.7129271626472473

ID: WES0009
Confidence: 0.7709470391273499

ID: WES0006
Confidence: 0.7288260757923126

ID: WES0002
Confidence: 0.4507291913032532

ID: 9876543
Confidence: 0.4761463403701782

ID: 9876543
Confidence: 0.5134174823760986

ID: WES0002
Confidence: 0.4470127820968628

ID: WES0001
Confidence: 0.7005239427089691

ID: WES0002
Confidence: 0.5645198822021484

ID: WES0004
Confidence: 0.6582815051078796

ID: WES0004
Confidence: 0.6445811092853546

ID: WES0007
Confidence: 0.6072858572006226

ID: WES0007
Confidence: 0.674579530954361

ID: WES0003
Confidence: 0.6188035309314728

ID: WES0008
Confidence: 0.7364054620265961

ID: WES0009
Confidence: 0.7014499604701996

ID: WES0005
Confidence: 0.6754810512065887

ID: WES0006
Confidence: 0.7253179550170898

ID: WES0006
Confidence: 0.7055472433567047

ID: WES0002
Confidence: 0.6387235522270203

ID: WES0004
Confidence: 0.6365472972393036

ID: WES0004
Confidence: 0.6199483871459961

ID: WES0005
Confidence: 0.6849057376384735

ID: WES0006
Confidence: 0.7705093771219254

ID: WES0001
Confidence: 0.6782767176628113

ID: WES0001
Confidence: 0.7193193435668945

ID: WES0004
Confidence: 0.6266732811927795

ID: WES0004
Confidence: 0.6432018280029297

ID: WES0005
Confidence: 0.5687023401260376

ID: WES0006
Confidence: 0.46094512939453125

ID: WES0006
Confidence: 0.6955426335334778

ID: UNKNOWN
Confidence: 0.0

ID: UNKNOWN
Confidence: 0.0

ID: WES0006
Confidence: 0.593132346868515

ID: 9876543
Confidence: 0.48152250051498413

ID: WES0006
Confidence: 0.4785640835762024

ID: WES0001
Confidence: 0.6887571811676025

ID: WES0004
Confidence: 0.5958535671234131

ID: WES0004
Confidence: 0.6410531997680664

ID: WES0007
Confidence: 0.7200511395931244

ID: WES0002
Confidence: 0.7052881717681885

ID: WES0008
Confidence: 0.7332841157913208

ID: WES0003
Confidence: 0.7349595725536346

ID: WES0009
Confidence: 0.7228020131587982

ID: WES0002
Confidence: 0.7342176139354706

ID: WES0004
Confidence: 0.6561880111694336

ID: WES0001
Confidence: 0.6679081916809082

ID: WES0004
Confidence: 0.6420400142669678

ID: WES0004
Confidence: 0.6070913076400757

ID: WES0008
Confidence: 0.6721786558628082

ID: WES0008
Confidence: 0.6997108161449432

ID: WES0003
Confidence: 0.6520210802555084

ID: WES0003
Confidence: 0.6722627580165863

ID: WES0003
Confidence: 0.6649736762046814

ID: WES0009
Confidence: 0.7217919826507568

ID: UNKNOWN
Confidence: 0.0

ID: WES0007
Confidence: 0.7634095400571823

ID: WES0004
Confidence: 0.6637441217899323

ID: WES0001
Confidence: 0.7081739008426666

ID: WES0004
Confidence: 0.6149029731750488

ID: WES0008
Confidence: 0.6911918222904205

ID: WES0009
Confidence: 0.7726100385189056

ID: WES0007
Confidence: 0.7280400395393372

ID: WES0002
Confidence: 0.75538070499897

ID: WES0006
Confidence: 0.5278901159763336

ID: WES0006
Confidence: 0.5417960286140442

ID: WES0008
Confidence: 0.7436425387859344

ID: WES0009
Confidence: 0.7575208246707916

ID: WES0007
Confidence: 0.598760336637497

ID: 9876543
Confidence: 0.4963855743408203

ID: WES0006
Confidence: 0.5260457992553711

ID: WES0007
Confidence: 0.6167518198490143

ID: WES0005
Confidence: 0.49337589740753174

ID: WES0006
Confidence: 0.5397675037384033

ID: WES0002
Confidence: 0.6987093985080719

ID: WES0008
Confidence: 0.7319403886795044

ID: WES0006
Confidence: 0.7059848606586456

ID: WES0009
Confidence: 0.7746478319168091

ID: WES0007
Confidence: 0.7544080913066864

ID: WES0002
Confidence: 0.6531572639942169

ID: WES0009
Confidence: 0.7499873042106628

ID: WES0008
Confidence: 0.6877709031105042

ID: WES0004
Confidence: 0.65990349650383

ID: WES0004
Confidence: 0.655662477016449

ID: WES0006
Confidence: 0.48236703872680664

ID: WES0007
Confidence: 0.7150349617004395

ID: WES0007
Confidence: 0.7462230622768402

ID: WES0002
Confidence: 0.5458463430404663

ID: WES0004
Confidence: 0.6410380601882935

ID: WES0004
Confidence: 0.6246300637722015

ID: WES0008
Confidence: 0.7209967076778412

ID: WES0002
Confidence: 0.6479222178459167

ID: WES0001
Confidence: 0.6890780925750732

ID: WES0008
Confidence: 0.7473076581954956

ID: WES0001
Confidence: 0.7284179627895355

ID: 777999
Confidence: 0.6089014112949371

ID: WES0002
Confidence: 0.6313954889774323

ID: 9876543
Confidence: 0.6050806045532227

ID: WES0001
Confidence: 0.6122892200946808

ID: WES0002
Confidence: 0.5711026191711426

ID: WES0008
Confidence: 0.7172494530677795

ID: WES0008
Confidence: 0.6998372375965118

ID: WES0002
Confidence: 0.6432194113731384

ID: WES0008
Confidence: 0.7444491684436798

ID: WES0002
Confidence: 0.6785719394683838

ID: WES0002
Confidence: 0.6548704504966736

ID: WES0008
Confidence: 0.7328176200389862

ID: WES0001
Confidence: 0.6665262579917908

ID: 9876543
Confidence: 0.6640772819519043

ID: 9876543
Confidence: 0.6583194732666016

ID: WES0001
Confidence: 0.6842321753501892
ID: WES0002
Confidence: 0.6534888446331024

ID: WES0008
Confidence: 0.7191561460494995

ID: WES0001
Confidence: 0.6351927816867828

ID: WES0009
Confidence: 0.6642652451992035

ID: BLA003
Confidence: 0.7749246805906296

ID: WES0009
Confidence: 0.7181436419487

ID: BLA003
Confidence: 0.8034936636686325

ID: WES0009
Confidence: 0.672474592924118

ID: WES0009
Confidence: 0.6742106974124908

ID: WES0009
Confidence: 0.6304442286491394

ID: WES0009
Confidence: 0.6583767831325531

ID: WES0009
Confidence: 0.7102368474006653

ID: WES0009
Confidence: 0.691886842250824

ID: WES0009
Confidence: 0.6973685920238495

ID: WES0009
Confidence: 0.7368884086608887

ID: WES0009
Confidence: 0.6688916981220245

ID: WES0009
Confidence: 0.6731686890125275

ID: WES0009
Confidence: 0.6762541830539703

ID: WES0009
Confidence: 0.6738169193267822

ID: WES0009
Confidence: 0.6692928373813629

ID: WES0008
Confidence: 0.7792861461639404

ID: WES0002
Confidence: 0.6372595429420471

ID: WES0002
Confidence: 0.6431114077568054

ID: WES0002
Confidence: 0.6479708552360535

ID: WES0001
Confidence: 0.6297236680984497

ID: WES0009
Confidence: 0.5793541967868805

ID: WES0009
Confidence: 0.6895705759525299

ID: WES0009
Confidence: 0.5732478499412537

ID: WES0009
Confidence: 0.6923663318157196

ID: WES0009
Confidence: 0.6814139783382416

ID: WES0009
Confidence: 0.7088792324066162

ID: WES0009
Confidence: 0.6591523289680481

ID: WES0009
Confidence: 0.6275694668292999

ID: WES0009
Confidence: 0.6614115238189697

ID: WES0009
Confidence: 0.6883082091808319

ID: WES0009
Confidence: 0.6901115477085114

ID: WES0009
Confidence: 0.672674149274826

ID: WES0009
Confidence: 0.6731331646442413

ID: WES0009
Confidence: 0.6644173562526703

ID: WES0009
Confidence: 0.6945156753063202

ID: WES0009
Confidence: 0.6892304122447968

ID: WES0009
Confidence: 0.6969153583049774

ID: WES0009
Confidence: 0.6678135693073273

ID: WES0001
Confidence: 0.6543959379196167

ID: WES0009
Confidence: 0.6794447600841522

ID: WES0009
Confidence: 0.7100774943828583

ID: WES0009
Confidence: 0.7011594772338867

ID: WES0009
Confidence: 0.6950622200965881

ID: WES0009
Confidence: 0.6957232654094696

ID: WES0009
Confidence: 0.6649481654167175

ID: WES0009
Confidence: 0.6839897036552429

ID: WES0009
Confidence: 0.6923989653587341

ID: WES0009
Confidence: 0.7125934958457947

ID: WES0009
Confidence: 0.7203441560268402

ID: WES0009
Confidence: 0.6784718334674835

ID: WES0009
Confidence: 0.7007427513599396

ID: WES0009
Confidence: 0.674008309841156

ID: WES0009
Confidence: 0.6781308054924011

ID: WES0009
Confidence: 0.6701795756816864

ID: WES0009
Confidence: 0.6666820645332336

ID: WES0009
Confidence: 0.6958048939704895

ID: WES0009
Confidence: 0.6689590811729431

ID: WES0009
Confidence: 0.6961566209793091

ID: WES0009
Confidence: 0.6695093214511871

ID: WES0009
Confidence: 0.637761116027832

ID: WES0009
Confidence: 0.6483542621135712

ID: WES0009
Confidence: 0.6391594409942627

ID: WES0009
Confidence: 0.663615345954895

ID: WES0009
Confidence: 0.6854888796806335

ID: WES0009
Confidence: 0.6662121415138245

ID: WES0009
Confidence: 0.6840611398220062

ID: WES0009
Confidence: 0.6644841134548187

ID: WES0009
Confidence: 0.6592483818531036

ID: WES0009
Confidence: 0.6971653699874878

ID: WES0009
Confidence: 0.6653822064399719

ID: WES0009
Confidence: 0.7074451446533203

ID: WES0009
Confidence: 0.694990485906601

ID: WES0009
Confidence: 0.6483727693557739

ID: WES0009
Confidence: 0.687868058681488

ID: WES0009
Confidence: 0.6661059856414795

ID: WES0009
Confidence: 0.7160565555095673

ID: WES0009
Confidence: 0.7087444067001343

ID: WES0009
Confidence: 0.7353689968585968

ID: WES0009
Confidence: 0.7192130386829376

ID: WES0009
Confidence: 0.6947492957115173

ID: WES0009
Confidence: 0.6870543360710144

ID: WES0009
Confidence: 0.6989214718341827

ID: WES0009
Confidence: 0.6837648451328278

ID: WES0009
Confidence: 0.7087135016918182

ID: WES0009
Confidence: 0.7092728018760681

ID: WES0009
Confidence: 0.716388076543808

ID: WES0009
Confidence: 0.6832387447357178

ID: WES0009
Confidence: 0.6755586564540863

ID: WES0009
Confidence: 0.6630358994007111

ID: WES0009
Confidence: 0.6899793446063995

ID: WES0009
Confidence: 0.7059623003005981

ID: WES0009
Confidence: 0.6565661132335663

ID: WES0009
Confidence: 0.6744565367698669

ID: WES0009
Confidence: 0.6905119717121124

ID: WES0009
Confidence: 0.7076419591903687

ID: WES0009
Confidence: 0.7152341604232788

ID: WES0009
Confidence: 0.6706644296646118

ID: WES0009
Confidence: 0.6915839910507202

ID: WES0009
Confidence: 0.6619959473609924

ID: WES0009
Confidence: 0.7078835964202881

ID: WES0009
Confidence: 0.6923598647117615

ID: WES0009
Confidence: 0.7116580605506897

ID: WES0009
Confidence: 0.6797508895397186

ID: WES0009
Confidence: 0.6818925142288208

ID: WES0009
Confidence: 0.6690832078456879

ID: WES0009
Confidence: 0.7047115862369537

ID: WES0009
Confidence: 0.6527937352657318

ID: WES0009
Confidence: 0.6699201166629791

ID: WES0009
Confidence: 0.6721140444278717

ID: WES0009
Confidence: 0.7070719301700592

ID: WES0009
Confidence: 0.696321427822113

ID: WES0009
Confidence: 0.7195847034454346

ID: WES0009
Confidence: 0.7023562788963318

ID: WES0009
Confidence: 0.6801276206970215

ID: WES0009
Confidence: 0.6752132177352905

ID: WES0001
Confidence: 0.6816143989562988

ID: WES0002
Confidence: 0.6420555710792542

ID: WES0008
Confidence: 0.7363954186439514

ID: WES0009
Confidence: 0.6620919704437256

ID: WES0009
Confidence: 0.6238275766372681

ID: WES0009
Confidence: 0.6647438704967499

ID: WES0009
Confidence: 0.6797674894332886

ID: WES0009
Confidence: 0.6621072590351105

ID: WES0009
Confidence: 0.6597742140293121

ID: WES0009
Confidence: 0.7080934345722198

ID: WES0009
Confidence: 0.6636234223842621

ID: WES0009
Confidence: 0.6908320188522339

ID: WES0009
Confidence: 0.663120299577713

ID: WES0009
Confidence: 0.6997219026088715

ID: WES0009
Confidence: 0.6490925550460815

ID: WES0009
Confidence: 0.6843511462211609

ID: WES0009
Confidence: 0.7072266042232513

ID: WES0009
Confidence: 0.6906436383724213

ID: WES0009
Confidence: 0.6395246684551239

ID: WES0009
Confidence: 0.6547214984893799

ID: WES0009
Confidence: 0.7078262269496918

ID: WES0009
Confidence: 0.6455136835575104

ID: WES0009
Confidence: 0.6911119818687439

ID: WES0008
Confidence: 0.7034605741500854

ID: WES0002
Confidence: 0.6417552530765533

ID: WES0001
Confidence: 0.6307224929332733

ID: WES0002
Confidence: 0.6152779161930084

ID: WES0008
Confidence: 0.7360212206840515

ID: WES0009
Confidence: 0.7146660387516022

ID: WES0009
Confidence: 0.6769582033157349

ID: WES0009
Confidence: 0.706077367067337

ID: WES0009
Confidence: 0.65740105509758

ID: WES0009
Confidence: 0.6825133562088013

ID: WES0009
Confidence: 0.6336851119995117

ID: WES0009
Confidence: 0.6475718319416046

ID: WES0009
Confidence: 0.6999262869358063

ID: WES0009
Confidence: 0.6258096694946289

ID: UNKNOWN
Confidence: 0.0

ID: WES0009
Confidence: 0.6696769595146179

ID: UNKNOWN
Confidence: 0.0

ID: WES0009
Confidence: 0.6774910688400269

ID: WES0009
Confidence: 0.7017393708229065

ID: WES0009
Confidence: 0.7076540887355804

ID: WES0009
Confidence: 0.6904692947864532

ID: WES0009
Confidence: 0.6735338568687439

ID: WES0009
Confidence: 0.670017421245575

ID: WES0009
Confidence: 0.6864255964756012

ID: WES0009
Confidence: 0.6756304800510406

ID: WES0009
Confidence: 0.6634640395641327

ID: 777999
Confidence: 0.6180808246135712

ID: 9876543
Confidence: 0.6518481969833374

ID: 9876543
Confidence: 0.6765841543674469

ID: 9876543
Confidence: 0.6690376102924347

ID: 9876543
Confidence: 0.6410683691501617

ID: 9876543
Confidence: 0.6675589084625244

ID: 9876543
Confidence: 0.6622741222381592

ID: 9876543
Confidence: 0.646735668182373

ID: 9876543
Confidence: 0.6698830723762512

ID: 9876543
Confidence: 0.6400093138217926

ID: 9876543
Confidence: 0.6563220918178558

ID: WES0001
Confidence: 0.6288326978683472

ID: WES0008
Confidence: 0.7145804762840271

ID: WES0002
Confidence: 0.6373788416385651

ID: WES0002
Confidence: 0.6600731611251831

ID: WES0001
Confidence: 0.6190162301063538

ID: WES0008
Confidence: 0.7693062573671341

ID: BLA003
Confidence: 0.7777578979730606

ID: BLA003
Confidence: 0.7412968873977661
